{"D:\\NewProject\\ShreeRam\\src\\Component\\Header\\Header.jsx": {"path":"D:\\NewProject\\ShreeRam\\src\\Component\\Header\\Header.jsx","statementMap":{"0":{"start":{"line":6,"column":15},"end":{"line":31,"column":1}},"1":{"start":{"line":7,"column":13},"end":{"line":7,"column":49}},"2":{"start":{"line":7,"column":32},"end":{"line":7,"column":48}},"3":{"start":{"line":8,"column":1},"end":{"line":30,"column":3}}},"fnMap":{"0":{"name":"(anonymous_0)","decl":{"start":{"line":6,"column":15},"end":{"line":6,"column":16}},"loc":{"start":{"line":6,"column":21},"end":{"line":31,"column":1}},"line":6},"1":{"name":"(anonymous_1)","decl":{"start":{"line":7,"column":25},"end":{"line":7,"column":26}},"loc":{"start":{"line":7,"column":32},"end":{"line":7,"column":48}},"line":7}},"branchMap":{},"s":{"0":1,"1":2,"2":4,"3":2},"f":{"0":2,"1":4},"b":{},"_coverageSchema":"1a1c01bbd47fc00a2c39e90264f33305004495a9","hash":"419e51b65050bc493310dcef30d80e0ea1dd94dd"}
,"D:\\NewProject\\ShreeRam\\src\\Redux\\Store.js": {"path":"D:\\NewProject\\ShreeRam\\src\\Redux\\Store.js","statementMap":{"0":{"start":{"line":3,"column":14},"end":{"line":7,"column":2}}},"fnMap":{},"branchMap":{},"s":{"0":1},"f":{},"b":{},"_coverageSchema":"1a1c01bbd47fc00a2c39e90264f33305004495a9","hash":"4d2c59223b570f618249d7b43aa3f6263d97c825"}
}
